2019-12-03 10:37:33,928 INFO Included extra file "/etc/supervisor/conf.d/newyolo.ini" during parsing
2019-12-03 10:37:33,928 INFO Set uid to user 0 succeeded
2019-12-03 10:37:33,932 INFO RPC interface 'supervisor' initialized
2019-12-03 10:37:33,932 CRIT Server 'unix_http_server' running without any HTTP authentication checking
2019-12-03 10:37:33,933 INFO daemonizing the supervisord process
2019-12-03 10:37:33,934 INFO supervisord started with pid 26117
2019-12-03 10:37:34,936 INFO spawned: 'newyolo' with pid 26118
2019-12-03 10:37:36,105 INFO success: newyolo entered RUNNING state, process has stayed up for > than 1 seconds (startsecs)
2019-12-03 10:37:41,134 INFO exited: newyolo (exit status 1; not expected)
2019-12-03 10:37:42,136 INFO spawned: 'newyolo' with pid 26121
2019-12-03 10:37:43,298 INFO success: newyolo entered RUNNING state, process has stayed up for > than 1 seconds (startsecs)
2019-12-03 10:37:48,326 INFO exited: newyolo (exit status 1; not expected)
2019-12-03 10:37:49,328 INFO spawned: 'newyolo' with pid 26124
2019-12-03 10:37:50,498 INFO success: newyolo entered RUNNING state, process has stayed up for > than 1 seconds (startsecs)
2019-12-03 10:37:55,527 INFO exited: newyolo (exit status 1; not expected)
2019-12-03 10:37:56,529 INFO spawned: 'newyolo' with pid 26127
2019-12-03 10:37:57,710 INFO success: newyolo entered RUNNING state, process has stayed up for > than 1 seconds (startsecs)
2019-12-03 10:38:02,739 INFO exited: newyolo (exit status 1; not expected)
2019-12-03 10:38:03,741 INFO spawned: 'newyolo' with pid 26130
2019-12-03 10:38:04,908 INFO success: newyolo entered RUNNING state, process has stayed up for > than 1 seconds (startsecs)
2019-12-03 10:38:09,937 INFO exited: newyolo (exit status 1; not expected)
2019-12-03 10:38:10,939 INFO spawned: 'newyolo' with pid 26133
2019-12-03 10:38:12,103 INFO success: newyolo entered RUNNING state, process has stayed up for > than 1 seconds (startsecs)
2019-12-03 10:38:17,131 INFO exited: newyolo (exit status 1; not expected)
2019-12-03 10:38:18,133 INFO spawned: 'newyolo' with pid 26138
2019-12-03 10:38:19,293 INFO success: newyolo entered RUNNING state, process has stayed up for > than 1 seconds (startsecs)
2019-12-03 10:38:24,322 INFO exited: newyolo (exit status 1; not expected)
2019-12-03 10:38:25,325 INFO spawned: 'newyolo' with pid 26141
2019-12-03 10:38:26,495 INFO success: newyolo entered RUNNING state, process has stayed up for > than 1 seconds (startsecs)
2019-12-03 10:38:31,523 INFO exited: newyolo (exit status 1; not expected)
2019-12-03 10:38:32,526 INFO spawned: 'newyolo' with pid 26144
2019-12-03 10:38:33,695 INFO success: newyolo entered RUNNING state, process has stayed up for > than 1 seconds (startsecs)
2019-12-03 10:38:38,724 INFO exited: newyolo (exit status 1; not expected)
2019-12-03 10:38:39,727 INFO spawned: 'newyolo' with pid 26147
2019-12-03 10:38:40,894 INFO success: newyolo entered RUNNING state, process has stayed up for > than 1 seconds (startsecs)
2019-12-03 10:38:45,926 INFO exited: newyolo (exit status 1; not expected)
2019-12-03 10:38:46,928 INFO spawned: 'newyolo' with pid 26150
2019-12-03 10:38:48,102 INFO success: newyolo entered RUNNING state, process has stayed up for > than 1 seconds (startsecs)
2019-12-03 10:38:53,130 INFO exited: newyolo (exit status 1; not expected)
2019-12-03 10:38:54,132 INFO spawned: 'newyolo' with pid 26154
2019-12-03 10:38:55,302 INFO success: newyolo entered RUNNING state, process has stayed up for > than 1 seconds (startsecs)
2019-12-03 10:39:00,330 INFO exited: newyolo (exit status 1; not expected)
2019-12-03 10:39:00,555 INFO spawned: 'newyolo' with pid 26157
2019-12-03 10:39:01,728 INFO success: newyolo entered RUNNING state, process has stayed up for > than 1 seconds (startsecs)
2019-12-03 10:39:06,757 INFO exited: newyolo (exit status 1; not expected)
2019-12-03 10:39:07,759 INFO spawned: 'newyolo' with pid 26160
2019-12-03 10:39:08,926 INFO success: newyolo entered RUNNING state, process has stayed up for > than 1 seconds (startsecs)
2019-12-03 10:39:13,956 INFO exited: newyolo (exit status 1; not expected)
2019-12-03 10:39:14,957 INFO spawned: 'newyolo' with pid 26163
2019-12-03 10:39:16,126 INFO success: newyolo entered RUNNING state, process has stayed up for > than 1 seconds (startsecs)
2019-12-03 10:39:21,154 INFO exited: newyolo (exit status 1; not expected)
2019-12-03 10:39:22,156 INFO spawned: 'newyolo' with pid 26166
2019-12-03 10:39:23,323 INFO success: newyolo entered RUNNING state, process has stayed up for > than 1 seconds (startsecs)
2019-12-03 10:39:28,351 INFO exited: newyolo (exit status 1; not expected)
2019-12-03 10:39:29,353 INFO spawned: 'newyolo' with pid 26169
2019-12-03 10:39:30,521 INFO success: newyolo entered RUNNING state, process has stayed up for > than 1 seconds (startsecs)
2019-12-03 10:39:35,548 INFO exited: newyolo (exit status 1; not expected)
2019-12-03 10:39:36,550 INFO spawned: 'newyolo' with pid 26172
2019-12-03 10:39:37,715 INFO success: newyolo entered RUNNING state, process has stayed up for > than 1 seconds (startsecs)
2019-12-03 10:39:42,756 INFO exited: newyolo (exit status 1; not expected)
2019-12-03 10:39:43,758 INFO spawned: 'newyolo' with pid 26175
2019-12-03 10:39:44,928 INFO success: newyolo entered RUNNING state, process has stayed up for > than 1 seconds (startsecs)
2019-12-03 10:39:49,959 INFO exited: newyolo (exit status 1; not expected)
2019-12-03 10:39:50,961 INFO spawned: 'newyolo' with pid 26178
2019-12-03 10:39:52,127 INFO success: newyolo entered RUNNING state, process has stayed up for > than 1 seconds (startsecs)
2019-12-03 10:39:57,156 INFO exited: newyolo (exit status 1; not expected)
2019-12-03 10:39:58,158 INFO spawned: 'newyolo' with pid 26181
2019-12-03 10:39:59,326 INFO success: newyolo entered RUNNING state, process has stayed up for > than 1 seconds (startsecs)
2019-12-03 10:40:04,354 INFO exited: newyolo (exit status 1; not expected)
2019-12-03 10:40:05,356 INFO spawned: 'newyolo' with pid 26185
2019-12-03 10:40:06,528 INFO success: newyolo entered RUNNING state, process has stayed up for > than 1 seconds (startsecs)
2019-12-03 10:40:11,558 INFO exited: newyolo (exit status 1; not expected)
2019-12-03 10:40:12,560 INFO spawned: 'newyolo' with pid 26188
2019-12-03 10:40:13,729 INFO success: newyolo entered RUNNING state, process has stayed up for > than 1 seconds (startsecs)
2019-12-03 10:40:18,757 INFO exited: newyolo (exit status 1; not expected)
2019-12-03 10:40:19,759 INFO spawned: 'newyolo' with pid 26191
2019-12-03 10:40:20,926 INFO success: newyolo entered RUNNING state, process has stayed up for > than 1 seconds (startsecs)
2019-12-03 10:40:25,953 INFO exited: newyolo (exit status 1; not expected)
2019-12-03 10:40:26,955 INFO spawned: 'newyolo' with pid 26194
2019-12-03 10:40:28,122 INFO success: newyolo entered RUNNING state, process has stayed up for > than 1 seconds (startsecs)
2019-12-03 10:40:33,150 INFO exited: newyolo (exit status 1; not expected)
2019-12-03 10:40:34,153 INFO spawned: 'newyolo' with pid 26197
2019-12-03 10:40:35,321 INFO success: newyolo entered RUNNING state, process has stayed up for > than 1 seconds (startsecs)
2019-12-03 10:40:40,349 INFO exited: newyolo (exit status 1; not expected)
2019-12-03 10:40:41,351 INFO spawned: 'newyolo' with pid 26200
2019-12-03 10:40:42,525 INFO success: newyolo entered RUNNING state, process has stayed up for > than 1 seconds (startsecs)
2019-12-03 10:40:47,554 INFO exited: newyolo (exit status 1; not expected)
2019-12-03 10:40:48,555 INFO spawned: 'newyolo' with pid 26204
2019-12-03 10:40:49,726 INFO success: newyolo entered RUNNING state, process has stayed up for > than 1 seconds (startsecs)
2019-12-03 10:40:54,756 INFO exited: newyolo (exit status 1; not expected)
2019-12-03 10:40:55,759 INFO spawned: 'newyolo' with pid 26207
2019-12-03 10:40:56,929 INFO success: newyolo entered RUNNING state, process has stayed up for > than 1 seconds (startsecs)
2019-12-03 10:41:01,958 INFO exited: newyolo (exit status 1; not expected)
2019-12-03 10:41:02,961 INFO spawned: 'newyolo' with pid 26210
2019-12-03 10:41:04,129 INFO success: newyolo entered RUNNING state, process has stayed up for > than 1 seconds (startsecs)
2019-12-03 10:41:09,157 INFO exited: newyolo (exit status 1; not expected)
2019-12-03 10:41:10,159 INFO spawned: 'newyolo' with pid 26213
2019-12-03 10:41:11,327 INFO success: newyolo entered RUNNING state, process has stayed up for > than 1 seconds (startsecs)
2019-12-03 10:41:16,355 INFO exited: newyolo (exit status 1; not expected)
2019-12-03 10:41:17,357 INFO spawned: 'newyolo' with pid 26216
2019-12-03 10:41:18,526 INFO success: newyolo entered RUNNING state, process has stayed up for > than 1 seconds (startsecs)
2019-12-03 10:41:23,555 INFO exited: newyolo (exit status 1; not expected)
2019-12-03 10:41:24,557 INFO spawned: 'newyolo' with pid 26219
2019-12-03 10:41:25,727 INFO success: newyolo entered RUNNING state, process has stayed up for > than 1 seconds (startsecs)
2019-12-03 10:41:28,682 INFO Included extra file "/etc/supervisor/conf.d/newyolo.ini" during parsing
2019-12-03 10:41:28,682 INFO Set uid to user 0 succeeded
2019-12-03 10:41:30,756 INFO exited: newyolo (exit status 1; not expected)
2019-12-03 10:41:31,758 INFO spawned: 'newyolo' with pid 26225
2019-12-03 10:41:32,928 INFO success: newyolo entered RUNNING state, process has stayed up for > than 1 seconds (startsecs)
2019-12-03 10:41:37,956 INFO exited: newyolo (exit status 1; not expected)
2019-12-03 10:41:38,958 INFO spawned: 'newyolo' with pid 26228
2019-12-03 10:41:40,123 INFO success: newyolo entered RUNNING state, process has stayed up for > than 1 seconds (startsecs)
2019-12-03 10:41:45,153 INFO exited: newyolo (exit status 1; not expected)
2019-12-03 10:41:46,155 INFO spawned: 'newyolo' with pid 26232
2019-12-03 10:41:47,324 INFO success: newyolo entered RUNNING state, process has stayed up for > than 1 seconds (startsecs)
2019-12-03 10:41:52,351 INFO exited: newyolo (exit status 1; not expected)
2019-12-03 10:41:53,353 INFO spawned: 'newyolo' with pid 26235
2019-12-03 10:41:54,522 INFO success: newyolo entered RUNNING state, process has stayed up for > than 1 seconds (startsecs)
2019-12-03 10:41:59,551 INFO exited: newyolo (exit status 1; not expected)
2019-12-03 10:42:00,552 INFO spawned: 'newyolo' with pid 26238
2019-12-03 10:42:01,723 INFO success: newyolo entered RUNNING state, process has stayed up for > than 1 seconds (startsecs)
2019-12-03 10:42:05,650 INFO waiting for newyolo to stop
2019-12-03 10:42:06,749 INFO stopped: newyolo (exit status 1)
2019-12-03 10:42:06,753 INFO spawned: 'newyolo' with pid 26242
2019-12-03 10:42:07,926 INFO success: newyolo entered RUNNING state, process has stayed up for > than 1 seconds (startsecs)
2019-12-03 10:42:12,955 INFO exited: newyolo (exit status 1; not expected)
2019-12-03 10:42:13,172 INFO spawned: 'newyolo' with pid 26245
2019-12-03 10:42:14,344 INFO success: newyolo entered RUNNING state, process has stayed up for > than 1 seconds (startsecs)
2019-12-03 10:42:18,547 INFO exited: newyolo (exit status 1; not expected)
2019-12-03 10:42:18,550 INFO spawned: 'newyolo' with pid 26248
2019-12-03 10:42:19,716 INFO success: newyolo entered RUNNING state, process has stayed up for > than 1 seconds (startsecs)
2019-12-03 10:42:24,745 INFO exited: newyolo (exit status 1; not expected)
2019-12-03 10:42:25,748 INFO spawned: 'newyolo' with pid 26251
2019-12-03 10:42:26,917 INFO success: newyolo entered RUNNING state, process has stayed up for > than 1 seconds (startsecs)
2019-12-03 10:42:31,947 INFO exited: newyolo (exit status 1; not expected)
2019-12-03 10:42:32,949 INFO spawned: 'newyolo' with pid 26254
2019-12-03 10:42:34,113 INFO success: newyolo entered RUNNING state, process has stayed up for > than 1 seconds (startsecs)
2019-12-03 10:42:39,141 INFO exited: newyolo (exit status 1; not expected)
2019-12-03 10:42:40,143 INFO spawned: 'newyolo' with pid 26258
2019-12-03 10:42:41,311 INFO success: newyolo entered RUNNING state, process has stayed up for > than 1 seconds (startsecs)
2019-12-03 10:42:46,340 INFO exited: newyolo (exit status 1; not expected)
2019-12-03 10:42:47,342 INFO spawned: 'newyolo' with pid 26261
2019-12-03 10:42:48,512 INFO success: newyolo entered RUNNING state, process has stayed up for > than 1 seconds (startsecs)
2019-12-03 10:42:53,542 INFO exited: newyolo (exit status 1; not expected)
2019-12-03 10:42:54,544 INFO spawned: 'newyolo' with pid 26264
2019-12-03 10:42:55,713 INFO success: newyolo entered RUNNING state, process has stayed up for > than 1 seconds (startsecs)
2019-12-03 10:43:00,742 INFO exited: newyolo (exit status 1; not expected)
2019-12-03 10:43:01,744 INFO spawned: 'newyolo' with pid 26267
2019-12-03 10:43:02,910 INFO success: newyolo entered RUNNING state, process has stayed up for > than 1 seconds (startsecs)
2019-12-03 10:43:07,940 INFO exited: newyolo (exit status 1; not expected)
2019-12-03 10:43:08,942 INFO spawned: 'newyolo' with pid 26270
2019-12-03 10:43:10,110 INFO success: newyolo entered RUNNING state, process has stayed up for > than 1 seconds (startsecs)
2019-12-03 10:43:15,140 INFO exited: newyolo (exit status 1; not expected)
2019-12-03 10:43:16,142 INFO spawned: 'newyolo' with pid 26273
2019-12-03 10:43:17,311 INFO success: newyolo entered RUNNING state, process has stayed up for > than 1 seconds (startsecs)
2019-12-03 10:43:22,339 INFO exited: newyolo (exit status 1; not expected)
2019-12-03 10:43:23,341 INFO spawned: 'newyolo' with pid 26276
2019-12-03 10:43:24,509 INFO success: newyolo entered RUNNING state, process has stayed up for > than 1 seconds (startsecs)
2019-12-03 10:43:29,539 INFO exited: newyolo (exit status 1; not expected)
2019-12-03 10:43:30,542 INFO spawned: 'newyolo' with pid 26279
2019-12-03 10:43:31,710 INFO success: newyolo entered RUNNING state, process has stayed up for > than 1 seconds (startsecs)
2019-12-03 10:43:36,739 INFO exited: newyolo (exit status 1; not expected)
2019-12-03 10:43:37,741 INFO spawned: 'newyolo' with pid 26282
2019-12-03 10:43:38,910 INFO success: newyolo entered RUNNING state, process has stayed up for > than 1 seconds (startsecs)
2019-12-03 10:43:43,938 INFO exited: newyolo (exit status 1; not expected)
2019-12-03 10:43:44,940 INFO spawned: 'newyolo' with pid 26285
2019-12-03 10:43:46,112 INFO success: newyolo entered RUNNING state, process has stayed up for > than 1 seconds (startsecs)
2019-12-03 10:43:51,139 INFO exited: newyolo (exit status 1; not expected)
2019-12-03 10:43:52,141 INFO spawned: 'newyolo' with pid 26288
2019-12-03 10:43:53,311 INFO success: newyolo entered RUNNING state, process has stayed up for > than 1 seconds (startsecs)
2019-12-03 10:43:58,340 INFO exited: newyolo (exit status 1; not expected)
2019-12-03 10:43:59,342 INFO spawned: 'newyolo' with pid 26291
2019-12-03 10:44:00,514 INFO success: newyolo entered RUNNING state, process has stayed up for > than 1 seconds (startsecs)
2019-12-03 10:44:05,541 INFO exited: newyolo (exit status 1; not expected)
2019-12-03 10:44:06,543 INFO spawned: 'newyolo' with pid 26294
2019-12-03 10:44:07,709 INFO success: newyolo entered RUNNING state, process has stayed up for > than 1 seconds (startsecs)
2019-12-03 10:44:12,738 INFO exited: newyolo (exit status 1; not expected)
2019-12-03 10:44:13,740 INFO spawned: 'newyolo' with pid 26297
2019-12-03 10:44:14,911 INFO success: newyolo entered RUNNING state, process has stayed up for > than 1 seconds (startsecs)
2019-12-03 10:44:19,939 INFO exited: newyolo (exit status 1; not expected)
2019-12-03 10:44:20,941 INFO spawned: 'newyolo' with pid 26300
2019-12-03 10:44:22,113 INFO success: newyolo entered RUNNING state, process has stayed up for > than 1 seconds (startsecs)
2019-12-03 10:44:27,141 INFO exited: newyolo (exit status 1; not expected)
2019-12-03 10:44:28,144 INFO spawned: 'newyolo' with pid 26304
2019-12-03 10:44:29,313 INFO success: newyolo entered RUNNING state, process has stayed up for > than 1 seconds (startsecs)
2019-12-03 10:44:34,341 INFO exited: newyolo (exit status 1; not expected)
2019-12-03 10:44:35,344 INFO spawned: 'newyolo' with pid 26307
2019-12-03 10:44:36,514 INFO success: newyolo entered RUNNING state, process has stayed up for > than 1 seconds (startsecs)
2019-12-03 10:44:41,545 INFO exited: newyolo (exit status 1; not expected)
2019-12-03 10:44:42,547 INFO spawned: 'newyolo' with pid 26310
2019-12-03 10:44:43,718 INFO success: newyolo entered RUNNING state, process has stayed up for > than 1 seconds (startsecs)
2019-12-03 10:44:48,746 INFO exited: newyolo (exit status 1; not expected)
2019-12-03 10:44:49,749 INFO spawned: 'newyolo' with pid 26313
2019-12-03 10:44:50,911 INFO success: newyolo entered RUNNING state, process has stayed up for > than 1 seconds (startsecs)
2019-12-03 10:44:55,940 INFO exited: newyolo (exit status 1; not expected)
2019-12-03 10:44:56,942 INFO spawned: 'newyolo' with pid 26316
2019-12-03 10:44:58,126 INFO success: newyolo entered RUNNING state, process has stayed up for > than 1 seconds (startsecs)
2019-12-03 10:45:03,156 INFO exited: newyolo (exit status 1; not expected)
2019-12-03 10:45:04,159 INFO spawned: 'newyolo' with pid 26322
2019-12-03 10:45:05,328 INFO success: newyolo entered RUNNING state, process has stayed up for > than 1 seconds (startsecs)
2019-12-03 10:45:10,357 INFO exited: newyolo (exit status 1; not expected)
2019-12-03 10:45:11,359 INFO spawned: 'newyolo' with pid 26325
2019-12-03 10:45:12,521 INFO success: newyolo entered RUNNING state, process has stayed up for > than 1 seconds (startsecs)
2019-12-03 10:45:17,552 INFO exited: newyolo (exit status 1; not expected)
2019-12-03 10:45:18,307 INFO spawned: 'newyolo' with pid 26329
2019-12-03 10:45:18,317 INFO waiting for newyolo to stop
2019-12-03 10:45:18,318 INFO stopped: newyolo (terminated by SIGTERM)
2019-12-03 10:45:19,323 INFO spawned: 'newyolo' with pid 26330
2019-12-03 10:45:20,494 INFO success: newyolo entered RUNNING state, process has stayed up for > than 1 seconds (startsecs)
2019-12-03 10:45:25,523 INFO exited: newyolo (exit status 1; not expected)
2019-12-03 10:45:26,526 INFO spawned: 'newyolo' with pid 26333
2019-12-03 10:45:27,695 INFO success: newyolo entered RUNNING state, process has stayed up for > than 1 seconds (startsecs)
2019-12-03 10:45:32,722 INFO exited: newyolo (exit status 1; not expected)
2019-12-03 10:45:33,724 INFO spawned: 'newyolo' with pid 26336
2019-12-03 10:45:34,901 INFO success: newyolo entered RUNNING state, process has stayed up for > than 1 seconds (startsecs)
2019-12-03 10:45:39,927 INFO exited: newyolo (exit status 1; not expected)
2019-12-03 10:45:40,929 INFO spawned: 'newyolo' with pid 26339
2019-12-03 10:45:42,101 INFO success: newyolo entered RUNNING state, process has stayed up for > than 1 seconds (startsecs)
2019-12-03 10:45:47,129 INFO exited: newyolo (exit status 1; not expected)
2019-12-03 10:45:48,131 INFO spawned: 'newyolo' with pid 26342
2019-12-03 10:45:49,308 INFO success: newyolo entered RUNNING state, process has stayed up for > than 1 seconds (startsecs)
2019-12-03 10:45:54,337 INFO exited: newyolo (exit status 1; not expected)
2019-12-03 10:45:55,339 INFO spawned: 'newyolo' with pid 26345
2019-12-03 10:45:56,510 INFO success: newyolo entered RUNNING state, process has stayed up for > than 1 seconds (startsecs)
2019-12-03 10:46:01,537 INFO exited: newyolo (exit status 1; not expected)
2019-12-03 10:46:02,540 INFO spawned: 'newyolo' with pid 26348
2019-12-03 10:46:03,710 INFO success: newyolo entered RUNNING state, process has stayed up for > than 1 seconds (startsecs)
2019-12-03 10:46:08,737 INFO exited: newyolo (exit status 1; not expected)
2019-12-03 10:46:09,740 INFO spawned: 'newyolo' with pid 26351
2019-12-03 10:46:10,910 INFO success: newyolo entered RUNNING state, process has stayed up for > than 1 seconds (startsecs)
2019-12-03 10:46:15,940 INFO exited: newyolo (exit status 1; not expected)
2019-12-03 10:46:16,943 INFO spawned: 'newyolo' with pid 26354
2019-12-03 10:46:18,112 INFO success: newyolo entered RUNNING state, process has stayed up for > than 1 seconds (startsecs)
2019-12-03 10:46:23,142 INFO exited: newyolo (exit status 1; not expected)
2019-12-03 10:46:24,144 INFO spawned: 'newyolo' with pid 26357
2019-12-03 10:46:25,311 INFO success: newyolo entered RUNNING state, process has stayed up for > than 1 seconds (startsecs)
2019-12-03 10:46:30,339 INFO exited: newyolo (exit status 1; not expected)
2019-12-03 10:46:31,342 INFO spawned: 'newyolo' with pid 26361
2019-12-03 10:46:32,506 INFO success: newyolo entered RUNNING state, process has stayed up for > than 1 seconds (startsecs)
2019-12-03 10:46:37,536 INFO exited: newyolo (exit status 1; not expected)
2019-12-03 10:46:38,538 INFO spawned: 'newyolo' with pid 26364
2019-12-03 10:46:39,709 INFO success: newyolo entered RUNNING state, process has stayed up for > than 1 seconds (startsecs)
2019-12-03 10:46:44,738 INFO exited: newyolo (exit status 1; not expected)
2019-12-03 10:46:45,741 INFO spawned: 'newyolo' with pid 26367
2019-12-03 10:46:46,908 INFO success: newyolo entered RUNNING state, process has stayed up for > than 1 seconds (startsecs)
2019-12-03 10:46:51,937 INFO exited: newyolo (exit status 1; not expected)
2019-12-03 10:46:52,939 INFO spawned: 'newyolo' with pid 26377
2019-12-03 10:46:54,106 INFO success: newyolo entered RUNNING state, process has stayed up for > than 1 seconds (startsecs)
2019-12-03 10:46:59,137 INFO exited: newyolo (exit status 1; not expected)
2019-12-03 10:47:00,141 INFO spawned: 'newyolo' with pid 26380
2019-12-03 10:47:01,311 INFO success: newyolo entered RUNNING state, process has stayed up for > than 1 seconds (startsecs)
2019-12-03 11:05:23,636 INFO Included extra file "/etc/supervisor/conf.d/newyolo.ini" during parsing
2019-12-03 11:05:23,636 INFO Set uid to user 0 succeeded
2019-12-03 11:06:02,806 INFO waiting for newyolo to stop
2019-12-03 11:06:03,926 INFO stopped: newyolo (exit status 0)
2019-12-03 11:06:03,931 INFO spawned: 'newyolo' with pid 26563
2019-12-03 11:06:05,099 INFO success: newyolo entered RUNNING state, process has stayed up for > than 1 seconds (startsecs)
2019-12-03 11:06:42,587 INFO exited: newyolo (terminated by SIGKILL; not expected)
2019-12-03 11:06:42,589 INFO spawned: 'newyolo' with pid 26569
2019-12-03 11:06:43,759 INFO success: newyolo entered RUNNING state, process has stayed up for > than 1 seconds (startsecs)
2019-12-03 11:06:48,787 INFO exited: newyolo (exit status 1; not expected)
2019-12-03 11:06:49,790 INFO spawned: 'newyolo' with pid 26573
2019-12-03 11:06:50,961 INFO success: newyolo entered RUNNING state, process has stayed up for > than 1 seconds (startsecs)
2019-12-03 11:08:32,525 INFO Included extra file "/etc/supervisor/conf.d/newyolo.ini" during parsing
2019-12-03 11:08:32,525 INFO Set uid to user 0 succeeded
2019-12-03 11:08:39,782 INFO waiting for newyolo to stop
2019-12-03 11:08:40,902 INFO stopped: newyolo (exit status 0)
2019-12-03 11:08:40,906 INFO spawned: 'newyolo' with pid 26585
2019-12-03 11:08:42,080 INFO success: newyolo entered RUNNING state, process has stayed up for > than 1 seconds (startsecs)
2019-12-03 11:09:25,143 INFO exited: newyolo (terminated by SIGKILL; not expected)
2019-12-03 11:09:25,144 INFO spawned: 'newyolo' with pid 26591
2019-12-03 11:09:26,306 INFO success: newyolo entered RUNNING state, process has stayed up for > than 1 seconds (startsecs)
2019-12-03 22:51:05,954 INFO Included extra file "/etc/supervisor/conf.d/newyolo.ini" during parsing
2019-12-03 22:51:05,954 INFO Set uid to user 0 succeeded
2019-12-03 22:51:31,975 INFO exited: newyolo (terminated by SIGKILL; not expected)
2019-12-03 22:51:31,977 INFO spawned: 'newyolo' with pid 27425
2019-12-03 22:51:33,146 INFO success: newyolo entered RUNNING state, process has stayed up for > than 1 seconds (startsecs)
2019-12-03 22:51:50,164 INFO exited: newyolo (terminated by SIGKILL; not expected)
2019-12-03 22:51:50,165 INFO spawned: 'newyolo' with pid 27431
2019-12-03 22:51:51,336 INFO success: newyolo entered RUNNING state, process has stayed up for > than 1 seconds (startsecs)
2019-12-03 22:51:55,343 INFO Included extra file "/etc/supervisor/conf.d/newyolo.ini" during parsing
2019-12-03 22:51:55,343 INFO Set uid to user 0 succeeded
2019-12-03 22:54:28,029 INFO Included extra file "/etc/supervisor/conf.d/newyolo.ini" during parsing
2019-12-03 22:54:28,029 INFO Set uid to user 0 succeeded
2019-12-03 22:54:51,049 INFO exited: newyolo (terminated by SIGKILL; not expected)
2019-12-03 22:54:51,050 INFO spawned: 'newyolo' with pid 27452
2019-12-03 22:54:52,230 INFO success: newyolo entered RUNNING state, process has stayed up for > than 1 seconds (startsecs)
2019-12-03 22:54:54,576 INFO Included extra file "/etc/supervisor/conf.d/newyolo.ini" during parsing
2019-12-03 22:54:54,576 INFO Set uid to user 0 succeeded
2019-12-03 22:54:57,257 INFO exited: newyolo (exit status 1; not expected)
2019-12-03 22:54:58,259 INFO spawned: 'newyolo' with pid 27458
2019-12-03 22:54:59,428 INFO success: newyolo entered RUNNING state, process has stayed up for > than 1 seconds (startsecs)
2019-12-03 22:57:34,542 INFO exited: newyolo (terminated by SIGKILL; not expected)
2019-12-03 22:57:34,543 INFO spawned: 'newyolo' with pid 27468
2019-12-03 22:57:35,715 INFO success: newyolo entered RUNNING state, process has stayed up for > than 1 seconds (startsecs)
2019-12-03 22:57:37,546 INFO Included extra file "/etc/supervisor/conf.d/newyolo.ini" during parsing
2019-12-03 22:57:37,546 INFO Set uid to user 0 succeeded
2019-12-03 22:57:40,744 INFO exited: newyolo (exit status 1; not expected)
2019-12-03 22:57:41,747 INFO spawned: 'newyolo' with pid 27474
2019-12-03 22:57:42,914 INFO success: newyolo entered RUNNING state, process has stayed up for > than 1 seconds (startsecs)
2020-04-22 16:48:03,292 INFO Included extra file "/etc/supervisor/conf.d/newyolo.ini" during parsing
2020-04-22 16:48:03,293 INFO Set uid to user 0 succeeded
2020-07-16 15:46:37,240 INFO Included extra file "/etc/supervisor/conf.d/newyolo.ini" during parsing
2020-07-16 15:46:37,242 INFO Set uid to user 0 succeeded
2020-07-16 15:46:37,552 INFO RPC interface 'supervisor' initialized
2020-07-16 15:46:37,552 CRIT Server 'unix_http_server' running without any HTTP authentication checking
2020-07-16 15:46:37,555 INFO daemonizing the supervisord process
2020-07-16 15:46:37,556 INFO supervisord started with pid 32568
2020-07-16 15:46:38,559 INFO spawned: 'newyolo' with pid 32569
2020-07-16 15:46:39,791 INFO success: newyolo entered RUNNING state, process has stayed up for > than 1 seconds (startsecs)
2020-07-16 15:47:22,683 INFO Included extra file "/etc/supervisor/conf.d/newyolo.ini" during parsing
2020-07-16 15:47:22,683 INFO Set uid to user 0 succeeded
2020-07-16 15:47:22,686 INFO RPC interface 'supervisor' initialized
2020-07-16 15:47:22,687 CRIT Server 'unix_http_server' running without any HTTP authentication checking
2020-07-16 15:47:22,689 INFO daemonizing the supervisord process
2020-07-16 15:47:22,689 INFO supervisord started with pid 32580
2020-07-16 15:47:23,692 INFO spawned: 'newyolo' with pid 32581
2020-07-16 15:47:24,867 INFO success: newyolo entered RUNNING state, process has stayed up for > than 1 seconds (startsecs)
2020-07-16 15:47:29,898 INFO exited: newyolo (exit status 1; not expected)
2020-07-16 15:47:30,901 INFO spawned: 'newyolo' with pid 32592
2020-07-16 15:47:32,074 INFO success: newyolo entered RUNNING state, process has stayed up for > than 1 seconds (startsecs)
2020-07-16 15:47:37,107 INFO exited: newyolo (exit status 1; not expected)
2020-07-16 15:47:38,109 INFO spawned: 'newyolo' with pid 32595
2020-07-16 15:47:39,288 INFO success: newyolo entered RUNNING state, process has stayed up for > than 1 seconds (startsecs)
2020-07-16 15:47:44,318 INFO exited: newyolo (exit status 1; not expected)
2020-07-16 15:47:45,320 INFO spawned: 'newyolo' with pid 32598
2020-07-16 15:47:46,496 INFO success: newyolo entered RUNNING state, process has stayed up for > than 1 seconds (startsecs)
2020-07-16 15:47:51,531 INFO exited: newyolo (exit status 1; not expected)
2020-07-16 15:47:52,534 INFO spawned: 'newyolo' with pid 32602
2020-07-16 15:47:53,710 INFO success: newyolo entered RUNNING state, process has stayed up for > than 1 seconds (startsecs)
2020-07-16 15:47:58,740 INFO exited: newyolo (exit status 1; not expected)
2020-07-16 15:47:59,743 INFO spawned: 'newyolo' with pid 32618
2020-07-16 15:48:00,920 INFO success: newyolo entered RUNNING state, process has stayed up for > than 1 seconds (startsecs)
2020-07-16 15:48:05,953 INFO exited: newyolo (exit status 1; not expected)
2020-07-16 15:48:06,955 INFO spawned: 'newyolo' with pid 32630
2020-07-16 15:48:08,149 INFO success: newyolo entered RUNNING state, process has stayed up for > than 1 seconds (startsecs)
2020-07-16 15:48:13,181 INFO exited: newyolo (exit status 1; not expected)
2020-07-16 15:48:14,184 INFO spawned: 'newyolo' with pid 32633
2020-07-16 15:48:15,362 INFO success: newyolo entered RUNNING state, process has stayed up for > than 1 seconds (startsecs)
2020-07-16 15:48:20,393 INFO exited: newyolo (exit status 1; not expected)
2020-07-16 15:48:21,396 INFO spawned: 'newyolo' with pid 32640
2020-07-16 15:48:22,592 INFO success: newyolo entered RUNNING state, process has stayed up for > than 1 seconds (startsecs)
2020-07-16 15:48:27,626 INFO exited: newyolo (exit status 1; not expected)
2020-07-16 15:48:28,629 INFO spawned: 'newyolo' with pid 32643
2020-07-16 15:48:29,802 INFO success: newyolo entered RUNNING state, process has stayed up for > than 1 seconds (startsecs)
2020-07-16 15:48:34,839 INFO exited: newyolo (exit status 1; not expected)
2020-07-16 15:48:35,842 INFO spawned: 'newyolo' with pid 32646
2020-07-16 15:48:37,018 INFO success: newyolo entered RUNNING state, process has stayed up for > than 1 seconds (startsecs)
2020-07-16 15:49:18,259 INFO Included extra file "/etc/supervisor/conf.d/newyolo.ini" during parsing
2020-07-16 15:49:18,259 INFO Set uid to user 0 succeeded
2020-07-16 15:49:18,262 INFO RPC interface 'supervisor' initialized
2020-07-16 15:49:18,262 CRIT Server 'unix_http_server' running without any HTTP authentication checking
2020-07-16 15:49:18,264 INFO daemonizing the supervisord process
2020-07-16 15:49:18,265 INFO supervisord started with pid 32659
2020-07-16 15:49:19,268 INFO spawned: 'newyolo' with pid 32660
2020-07-16 15:49:20,447 INFO success: newyolo entered RUNNING state, process has stayed up for > than 1 seconds (startsecs)
2022-03-01 14:32:12,180 INFO waiting for newyolo to stop
2022-03-01 14:32:13,409 INFO stopped: newyolo (exit status 0)
2022-03-01 14:39:01,972 INFO spawned: 'newyolo' with pid 22363
2022-03-01 14:39:03,213 INFO success: newyolo entered RUNNING state, process has stayed up for > than 1 seconds (startsecs)
2022-06-07 00:00:53,533 INFO Included extra file "/etc/supervisor/conf.d/newyolo.ini" during parsing
2022-06-07 00:00:53,534 INFO Set uid to user 0 succeeded
2022-06-07 00:00:53,843 INFO RPC interface 'supervisor' initialized
2022-06-07 00:00:53,843 CRIT Server 'unix_http_server' running without any HTTP authentication checking
2022-06-07 00:00:53,845 INFO daemonizing the supervisord process
2022-06-07 00:00:53,845 INFO supervisord started with pid 1487
2022-06-07 00:00:54,848 INFO spawned: 'newyolo' with pid 1488
2022-06-07 00:00:56,068 INFO success: newyolo entered RUNNING state, process has stayed up for > than 1 seconds (startsecs)
2022-06-07 00:04:34,294 INFO waiting for newyolo to stop
2022-06-07 00:04:34,653 INFO stopped: newyolo (exit status 0)
2022-06-07 00:04:34,657 INFO spawned: 'newyolo' with pid 1532
2022-06-07 00:04:35,854 INFO success: newyolo entered RUNNING state, process has stayed up for > than 1 seconds (startsecs)
2022-06-07 00:06:04,290 INFO waiting for newyolo to stop
2022-06-07 00:06:04,551 INFO stopped: newyolo (exit status 0)
2022-06-07 00:18:07,586 INFO spawned: 'newyolo' with pid 2549
2022-06-07 00:18:08,777 INFO success: newyolo entered RUNNING state, process has stayed up for > than 1 seconds (startsecs)
2022-08-15 14:49:18,983 INFO Included extra file "/etc/supervisor/conf.d/newyolo.ini" during parsing
2022-08-15 14:49:18,984 INFO Set uid to user 0 succeeded
2022-08-15 14:49:19,297 INFO RPC interface 'supervisor' initialized
2022-08-15 14:49:19,297 CRIT Server 'unix_http_server' running without any HTTP authentication checking
2022-08-15 14:49:19,300 INFO daemonizing the supervisord process
2022-08-15 14:49:19,301 INFO supervisord started with pid 23705
2022-08-15 14:49:20,304 INFO spawned: 'newyolo' with pid 23706
2022-08-15 14:49:21,527 INFO success: newyolo entered RUNNING state, process has stayed up for > than 1 seconds (startsecs)
2022-08-15 15:00:46,759 INFO waiting for newyolo to stop
2022-08-15 15:00:47,887 INFO stopped: newyolo (exit status 0)
2022-08-15 15:01:00,032 INFO spawned: 'newyolo' with pid 23842
2022-08-15 15:01:01,257 INFO success: newyolo entered RUNNING state, process has stayed up for > than 1 seconds (startsecs)
2022-08-15 15:14:02,549 INFO Included extra file "/etc/supervisor/conf.d/newyolo.ini" during parsing
2022-08-15 15:14:02,549 INFO Set uid to user 0 succeeded
2022-08-15 15:14:56,823 INFO waiting for newyolo to stop
2022-08-15 15:14:57,180 INFO stopped: newyolo (exit status 0)
2022-08-15 15:14:57,185 INFO spawned: 'newyolo' with pid 23963
2022-08-15 15:14:58,389 INFO success: newyolo entered RUNNING state, process has stayed up for > than 1 seconds (startsecs)
2022-08-15 16:08:10,506 INFO waiting for newyolo to stop
2022-08-15 16:08:10,853 INFO stopped: newyolo (exit status 0)
2022-08-15 16:08:10,857 INFO spawned: 'newyolo' with pid 25247
2022-08-15 16:08:12,044 INFO success: newyolo entered RUNNING state, process has stayed up for > than 1 seconds (startsecs)
